[    0.000000] Initializing cgroup subsys cpuset
[    0.000000] Initializing cgroup subsys cpu
[    0.000000] Initializing cgroup subsys cpuacct
[    0.000000] Linux version 4.4.0-66-generic (buildd@lgw01-28) (gcc version 5.4.0 20160609 (Ubuntu 5.4.0-6ubuntu1~16.04.4) ) #87-Ubuntu SMP Fri Mar 3 15:29:05 UTC 2017 (Ubuntu 4.4.0-66.87-generic 4.4.44)
[    0.000000] Command line: BOOT_IMAGE=/boot/vmlinuz-4.4.0-66-generic root=UUID=47e6217b-3c48-441d-8759-ca0600ec141a ro console=tty1 console=ttyS0
[    0.000000] KERNEL supported cpus:
[    0.000000]   Intel GenuineIntel
[    0.000000]   AMD AuthenticAMD
[    0.000000]   Centaur CentaurHauls
[    0.000000] x86/fpu: Legacy x87 FPU detected.
[    0.000000] x86/fpu: Using 'lazy' FPU context switches.
[    0.000000] e820: BIOS-provided physical RAM map:
[    0.000000] BIOS-e820: [mem 0x0000000000000000-0x000000000009fbff] usable
[    0.000000] BIOS-e820: [mem 0x000000000009fc00-0x000000000009ffff] reserved
[    0.000000] BIOS-e820: [mem 0x00000000000f0000-0x00000000000fffff] reserved
[    0.000000] BIOS-e820: [mem 0x0000000000100000-0x000000007e7effff] usable
[    0.000000] BIOS-e820: [mem 0x000000007e7f0000-0x000000007e7fffff] ACPI data
[    0.000000] BIOS-e820: [mem 0x00000000fec00000-0x00000000fec00fff] reserved
[    0.000000] BIOS-e820: [mem 0x00000000fee00000-0x00000000fee00fff] reserved
[    0.000000] BIOS-e820: [mem 0x00000000fffc0000-0x00000000ffffffff] reserved
[    0.000000] NX (Execute Disable) protection: active
[    0.000000] SMBIOS 2.5 present.
[    0.000000] Hypervisor detected: KVM
[    0.000000] e820: last_pfn = 0x7e7f0 max_arch_pfn = 0x400000000
[    0.000000] MTRR: Disabled
[    0.000000] x86/PAT: MTRRs disabled, skipping PAT initialization too.
[    0.000000] x86/PAT: Configuration [0-7]: WB  WT  UC- UC  WB  WT  UC- UC  
[    0.000000] CPU MTRRs all blank - virtualized system.
[    0.000000] found SMP MP-table at [mem 0x0009fff0-0x0009ffff] mapped at [ffff88000009fff0]
[    0.000000] Scanning 1 areas for low memory corruption
[    0.000000] RAMDISK: [mem 0x3623e000-0x37116fff]
[    0.000000] ACPI: Early table checksum verification disabled
[    0.000000] ACPI: RSDP 0x00000000000E0000 000024 (v02 VBOX  )
[    0.000000] ACPI: XSDT 0x000000007E7F0030 00003C (v01 VBOX   VBOXXSDT 00000001 ASL  00000061)
[    0.000000] ACPI: FACP 0x000000007E7F00F0 0000F4 (v04 VBOX   VBOXFACP 00000001 ASL  00000061)
[    0.000000] ACPI: DSDT 0x000000007E7F0470 00210F (v01 VBOX   VBOXBIOS 00000002 INTL 20100528)
[    0.000000] ACPI: FACS 0x000000007E7F0200 000040
[    0.000000] ACPI: FACS 0x000000007E7F0200 000040
[    0.000000] ACPI: APIC 0x000000007E7F0240 000054 (v02 VBOX   VBOXAPIC 00000001 ASL  00000061)
[    0.000000] ACPI: SSDT 0x000000007E7F02A0 0001CC (v01 VBOX   VBOXCPUT 00000002 INTL 20100528)
[    0.000000] No NUMA configuration found
[    0.000000] Faking a node at [mem 0x0000000000000000-0x000000007e7effff]
[    0.000000] NODE_DATA(0) allocated [mem 0x7e7eb000-0x7e7effff]
[    0.000000] kvm-clock: Using msrs 4b564d01 and 4b564d00
[    0.000000] kvm-clock: cpu 0, msr 0:7e7e3001, primary cpu clock
[    0.000000] kvm-clock: using sched offset of 4472058800 cycles
[    0.000000] clocksource: kvm-clock: mask: 0xffffffffffffffff max_cycles: 0x1cd42e4dffb, max_idle_ns: 881590591483 ns
[    0.000000] Zone ranges:
[    0.000000]   DMA      [mem 0x0000000000001000-0x0000000000ffffff]
[    0.000000]   DMA32    [mem 0x0000000001000000-0x000000007e7effff]
[    0.000000]   Normal   empty
[    0.000000]   Device   empty
[    0.000000] Movable zone start for each node
[    0.000000] Early memory node ranges
[    0.000000]   node   0: [mem 0x0000000000001000-0x000000000009efff]
[    0.000000]   node   0: [mem 0x0000000000100000-0x000000007e7effff]
[    0.000000] Initmem setup node 0 [mem 0x0000000000001000-0x000000007e7effff]
[    0.000000] ACPI: PM-Timer IO Port: 0x4008
[    0.000000] IOAPIC[0]: apic_id 1, version 32, address 0xfec00000, GSI 0-23
[    0.000000] ACPI: INT_SRC_OVR (bus 0 bus_irq 0 global_irq 2 dfl dfl)
[    0.000000] ACPI: INT_SRC_OVR (bus 0 bus_irq 9 global_irq 9 high level)
[    0.000000] Using ACPI (MADT) for SMP configuration information
[    0.000000] smpboot: Allowing 1 CPUs, 0 hotplug CPUs
[    0.000000] PM: Registered nosave memory: [mem 0x00000000-0x00000fff]
[    0.000000] PM: Registered nosave memory: [mem 0x0009f000-0x0009ffff]
[    0.000000] PM: Registered nosave memory: [mem 0x000a0000-0x000effff]
[    0.000000] PM: Registered nosave memory: [mem 0x000f0000-0x000fffff]
[    0.000000] e820: [mem 0x7e800000-0xfebfffff] available for PCI devices
[    0.000000] Booting paravirtualized kernel on KVM
[    0.000000] clocksource: refined-jiffies: mask: 0xffffffff max_cycles: 0xffffffff, max_idle_ns: 7645519600211568 ns
[    0.000000] setup_percpu: NR_CPUS:512 nr_cpumask_bits:512 nr_cpu_ids:1 nr_node_ids:1
[    0.000000] PERCPU: Embedded 33 pages/cpu @ffff88007e400000 s98264 r8192 d28712 u2097152
[    0.000000] PV qspinlock hash table entries: 256 (order: 0, 4096 bytes)
[    0.000000] Built 1 zonelists in Node order, mobility grouping on.  Total pages: 509913
[    0.000000] Policy zone: DMA32
[    0.000000] Kernel command line: BOOT_IMAGE=/boot/vmlinuz-4.4.0-66-generic root=UUID=47e6217b-3c48-441d-8759-ca0600ec141a ro console=tty1 console=ttyS0
[    0.000000] PID hash table entries: 4096 (order: 3, 32768 bytes)
[    0.000000] Memory: 2005120K/2072120K available (8452K kernel code, 1293K rwdata, 3980K rodata, 1488K init, 1316K bss, 67000K reserved, 0K cma-reserved)
[    0.000000] SLUB: HWalign=64, Order=0-3, MinObjects=0, CPUs=1, Nodes=1
[    0.000000] Hierarchical RCU implementation.
[    0.000000] 	Build-time adjustment of leaf fanout to 64.
[    0.000000] 	RCU restricting CPUs from NR_CPUS=512 to nr_cpu_ids=1.
[    0.000000] RCU: Adjusting geometry for rcu_fanout_leaf=64, nr_cpu_ids=1
[    0.000000] NR_IRQS:33024 nr_irqs:256 16
[    0.000000] Console: colour VGA+ 80x25
[    0.000000] console [tty1] enabled
[    0.000000] console [ttyS0] enabled
[    0.000000] tsc: Detected 2527.146 MHz processor
[    0.902175] Calibrating delay loop (skipped) preset value.. 5054.29 BogoMIPS (lpj=10108584)
[    0.990042] pid_max: default: 32768 minimum: 301
[    1.057900] ACPI: Core revision 20150930
[    1.170189] ACPI: 2 ACPI AML tables successfully acquired and loaded
[    1.187207] Security Framework initialized
[    1.190801] Yama: becoming mindful.
[    1.208480] AppArmor: AppArmor initialized
[    1.219713] Dentry cache hash table entries: 262144 (order: 9, 2097152 bytes)
[    1.226491] Inode-cache hash table entries: 131072 (order: 8, 1048576 bytes)
[    1.230666] Mount-cache hash table entries: 4096 (order: 3, 32768 bytes)
[    1.249103] Mountpoint-cache hash table entries: 4096 (order: 3, 32768 bytes)
[    1.262299] Initializing cgroup subsys io
[    1.272794] Initializing cgroup subsys memory
[    1.276193] Initializing cgroup subsys devices
[    1.297548] Initializing cgroup subsys freezer
[    1.334995] Initializing cgroup subsys net_cls
[    1.343448] Initializing cgroup subsys perf_event
[    1.344800] Initializing cgroup subsys net_prio
[    1.365150] Initializing cgroup subsys hugetlb
[    1.370088] Initializing cgroup subsys pids
[    1.389692] CPU: Physical Processor ID: 0
[    1.397348] mce: CPU supports 0 MCE banks
[    1.400112] process: using mwait in idle threads
[    1.419213] Last level iTLB entries: 4KB 512, 2MB 7, 4MB 7
[    1.455222] Last level dTLB entries: 4KB 512, 2MB 32, 4MB 32, 1GB 0
[    1.499622] Freeing SMP alternatives memory: 32K (ffffffff820b9000 - ffffffff820c1000)
[    1.540197] ftrace: allocating 32123 entries in 126 pages
[    1.627472] smpboot: APIC(0) Converting physical 0 to logical package 0
[    1.630425] smpboot: Max logical packages: 1
[    1.641570] x2apic enabled
[    1.650624] Switched APIC routing to physical x2apic.
[    1.655172] ..TIMER: vector=0x30 apic1=0 pin1=2 apic2=-1 pin2=-1
[    1.770385] smpboot: CPU0: Intel(R) Core(TM) i5 CPU       M 540  @ 2.53GHz (family: 0x6, model: 0x25, stepping: 0x5)
[    1.803003] Performance Events: unsupported p6 CPU model 37 no PMU driver, software events only.
[    1.828924] KVM setup paravirtual spinlock
[    1.836354] x86: Booted up 1 node, 1 CPUs
[    1.840231] smpboot: Total of 1 processors activated (5054.29 BogoMIPS)
[    1.842317] devtmpfs: initialized
[    1.881264] evm: security.selinux
[    1.889134] evm: security.SMACK64
[    1.919753] evm: security.SMACK64EXEC
[    1.954088] evm: security.SMACK64TRANSMUTE
[    1.967625] evm: security.SMACK64MMAP
[    1.984713] evm: security.ima
[    1.988102] evm: security.capability
[    1.999138] clocksource: jiffies: mask: 0xffffffff max_cycles: 0xffffffff, max_idle_ns: 7645041785100000 ns
[    2.023672] pinctrl core: initialized pinctrl subsystem
[    2.068020] RTC time: 20:25:59, date: 04/19/17
[    2.132489] NET: Registered protocol family 16
[    2.188820] cpuidle: using governor ladder
[    2.226657] cpuidle: using governor menu
[    2.240049] PCCT header not found.
[    2.282468] ACPI: bus type PCI registered
[    2.304316] acpiphp: ACPI Hot Plug PCI Controller Driver version: 0.5
[    2.319205] PCI: Using configuration type 1 for base access
[    2.360495] ACPI: Added _OSI(Module Device)
[    2.380324] ACPI: Added _OSI(Processor Device)
[    2.388658] ACPI: Added _OSI(3.0 _SCP Extensions)
[    2.417393] ACPI: Added _OSI(Processor Aggregator Device)
[    2.433065] ACPI: Executed 1 blocks of module-level executable AML code
[    2.458647] ACPI: Interpreter enabled
[    2.482772] ACPI: (supports S0 S5)
[    2.490561] ACPI: Using IOAPIC for interrupt routing
[    2.506033] PCI: Using host bridge windows from ACPI; if necessary, use "pci=nocrs" and report a bug
[    2.538189] ACPI: PCI Root Bridge [PCI0] (domain 0000 [bus 00-ff])
[    2.551982] acpi PNP0A03:00: _OSC: OS supports [ASPM ClockPM Segments MSI]
[    2.572379] acpi PNP0A03:00: _OSC failed (AE_NOT_FOUND); disabling ASPM
[    2.591006] acpi PNP0A03:00: fail to add MMCONFIG information, can't access extended PCI configuration space under this bridge.
[    2.644287] PCI host bridge to bus 0000:00
[    2.648270] pci_bus 0000:00: root bus resource [io  0x0000-0x0cf7 window]
[    2.652272] pci_bus 0000:00: root bus resource [io  0x0d00-0xffff window]
[    2.666353] pci_bus 0000:00: root bus resource [mem 0x000a0000-0x000bffff window]
[    2.674552] pci_bus 0000:00: root bus resource [mem 0x7e800000-0xffdfffff window]
[    2.699229] pci_bus 0000:00: root bus resource [bus 00-ff]
[    2.741226] pci 0000:00:01.1: legacy IDE quirk: reg 0x10: [io  0x01f0-0x01f7]
[    2.810454] pci 0000:00:01.1: legacy IDE quirk: reg 0x14: [io  0x03f6]
[    2.824086] pci 0000:00:01.1: legacy IDE quirk: reg 0x18: [io  0x0170-0x0177]
[    2.831513] pci 0000:00:01.1: legacy IDE quirk: reg 0x1c: [io  0x0376]
[    2.902003] pci 0000:00:07.0: quirk: [io  0x4000-0x403f] claimed by PIIX4 ACPI
[    2.913797] pci 0000:00:07.0: quirk: [io  0x4100-0x410f] claimed by PIIX4 SMB
[    2.955735] ACPI: PCI Interrupt Link [LNKA] (IRQs 5 9 10 *11)
[    2.962313] ACPI: PCI Interrupt Link [LNKB] (IRQs 5 9 10 *11)
[    2.973151] ACPI: PCI Interrupt Link [LNKC] (IRQs 5 9 *10 11)
[    2.986822] ACPI: PCI Interrupt Link [LNKD] (IRQs 5 *9 10 11)
[    3.000120] ACPI: Enabled 2 GPEs in block 00 to 07
[    3.006439] vgaarb: setting as boot device: PCI:0000:00:02.0
[    3.019949] vgaarb: device added: PCI:0000:00:02.0,decodes=io+mem,owns=io+mem,locks=none
[    3.031229] vgaarb: loaded
[    3.041820] vgaarb: bridge control possible 0000:00:02.0
[    3.071442] SCSI subsystem initialized
[    3.086761] ACPI: bus type USB registered
[    3.100276] usbcore: registered new interface driver usbfs
[    3.119052] usbcore: registered new interface driver hub
[    3.129858] usbcore: registered new device driver usb
[    3.137273] PCI: Using ACPI for IRQ routing
[    3.163723] NetLabel: Initializing
[    3.166826] NetLabel:  domain hash size = 128
[    3.177577] NetLabel:  protocols = UNLABELED CIPSOv4
[    3.202819] NetLabel:  unlabeled traffic allowed by default
[    3.229423] amd_nb: Cannot enumerate AMD northbridges
[    3.270222] clocksource: Switched to clocksource kvm-clock
[    3.315965] AppArmor: AppArmor Filesystem Enabled
[    3.341317] pnp: PnP ACPI init
[    3.352641] pnp: PnP ACPI: found 3 devices
[    3.385737] clocksource: acpi_pm: mask: 0xffffff max_cycles: 0xffffff, max_idle_ns: 2085701024 ns
[    3.410819] NET: Registered protocol family 2
[    3.424868] TCP established hash table entries: 16384 (order: 5, 131072 bytes)
[    3.461272] TCP bind hash table entries: 16384 (order: 6, 262144 bytes)
[    3.506999] TCP: Hash tables configured (established 16384 bind 16384)
[    3.545136] UDP hash table entries: 1024 (order: 3, 32768 bytes)
[    3.680536] UDP-Lite hash table entries: 1024 (order: 3, 32768 bytes)
[    3.720962] NET: Registered protocol family 1
[    3.756441] pci 0000:00:00.0: Limiting direct PCI/PCI transfers
[    3.790302] pci 0000:00:01.0: Activating ISA DMA hang workarounds
[    3.801564] Trying to unpack rootfs image as initramfs...
[    4.363571] Freeing initrd memory: 15204K (ffff88003623e000 - ffff880037117000)
[    4.400858] platform rtc_cmos: registered platform RTC device (no PNP device found)
[    4.435450] Scanning for low memory corruption every 60 seconds
[    4.440822] futex hash table entries: 256 (order: 2, 16384 bytes)
[    4.446125] audit: initializing netlink subsys (disabled)
[    4.464782] audit: type=2000 audit(1492633565.866:1): initialized
[    4.474049] Initialise system trusted keyring
[    4.491074] HugeTLB registered 2 MB page size, pre-allocated 0 pages
[    4.507588] zbud: loaded
[    4.546946] VFS: Disk quotas dquot_6.6.0
[    4.565750] VFS: Dquot-cache hash table entries: 512 (order 0, 4096 bytes)
[    4.600299] squashfs: version 4.0 (2009/01/31) Phillip Lougher
[    4.615443] fuse init (API version 7.23)
[    4.636801] Key type big_key registered
[    4.641295] Allocating IMA MOK and blacklist keyrings.
[    4.664080] Key type asymmetric registered
[    4.671864] Asymmetric key parser 'x509' registered
[    4.687702] Block layer SCSI generic (bsg) driver version 0.4 loaded (major 249)
[    4.707797] io scheduler noop registered
[    4.721012] io scheduler deadline registered (default)
[    4.734626] io scheduler cfq registered
[    4.760234] pci_hotplug: PCI Hot Plug PCI Core version: 0.5
[    4.790590] pciehp: PCI Express Hot Plug Controller Driver version: 0.4
[    4.819879] ACPI: AC Adapter [AC] (off-line)
[    4.840969] input: Power Button as /devices/LNXSYSTM:00/LNXPWRBN:00/input/input0
[    4.868138] ACPI: Power Button [PWRF]
[    4.872950] input: Sleep Button as /devices/LNXSYSTM:00/LNXSLPBN:00/input/input1
[    4.929855] ACPI: Sleep Button [SLPF]
[    4.935246] ACPI: Battery Slot [BAT0] (battery present)
[    4.950019] GHES: HEST is not enabled!
[    4.962022] Serial: 8250/16550 driver, 32 ports, IRQ sharing enabled
[    5.006711] 00:02: ttyS0 at I/O 0x3f8 (irq = 4, base_baud = 115200) is a 16550A
[    5.031531] Linux agpgart interface v0.103
[    5.043623] brd: module loaded
[    5.068435] loop: module loaded
[    5.101782] scsi host0: ata_piix
[    5.106280] scsi host1: ata_piix
[    5.114616] ata1: PATA max UDMA/33 cmd 0x1f0 ctl 0x3f6 bmdma 0xd000 irq 14
[    5.146462] ata2: PATA max UDMA/33 cmd 0x170 ctl 0x376 bmdma 0xd008 irq 15
[    5.178905] libphy: Fixed MDIO Bus: probed
[    5.188161] tun: Universal TUN/TAP device driver, 1.6
[    5.208393] tun: (C) 1999-2004 Max Krasnyansky <maxk@qualcomm.com>
[    5.229446] PPP generic driver version 2.4.2
[    5.244340] ehci_hcd: USB 2.0 'Enhanced' Host Controller (EHCI) Driver
[    5.249984] ehci-pci: EHCI PCI platform driver
[    5.255841] ehci-platform: EHCI generic platform driver
[    5.277911] ohci_hcd: USB 1.1 'Open' Host Controller (OHCI) Driver
[    5.288948] ohci-pci: OHCI PCI platform driver
[    5.307069] ohci-platform: OHCI generic platform driver
[    5.334960] uhci_hcd: USB Universal Host Controller Interface driver
[    5.356778] i8042: PNP: PS/2 Controller [PNP0303:PS2K,PNP0f03:PS2M] at 0x60,0x64 irq 1,12
[    5.380460] serio: i8042 KBD port at 0x60,0x64 irq 1
[    5.400461] tsc: Refined TSC clocksource calibration: 2528.040 MHz
[    5.424482] clocksource: tsc: mask: 0xffffffffffffffff max_cycles: 0x2470b23a24e, max_idle_ns: 440795298943 ns
[    5.557598] serio: i8042 AUX port at 0x60,0x64 irq 12
[    5.570035] mousedev: PS/2 mouse device common for all mice
[    5.574051] rtc_cmos rtc_cmos: rtc core: registered rtc_cmos as rtc0
[    5.579886] rtc_cmos rtc_cmos: alarms up to one day, 114 bytes nvram
[    5.599599] i2c /dev entries driver
[    5.615406] device-mapper: uevent: version 1.0.3
[    5.619241] device-mapper: ioctl: 4.34.0-ioctl (2015-10-28) initialised: dm-devel@redhat.com
[    5.639911] ledtrig-cpu: registered to indicate activity on CPUs
[    5.651400] NET: Registered protocol family 10
[    5.663447] NET: Registered protocol family 17
[    5.667523] Key type dns_resolver registered
[    5.676370] microcode: CPU0 sig=0x20655, pf=0x4, revision=0x616
[    5.763458] input: AT Translated Set 2 keyboard as /devices/platform/i8042/serio0/input/input2
[    5.818883] microcode: Microcode Update Driver: v2.01 <tigran@aivazian.fsnet.co.uk>, Peter Oruba
[    5.842705] registered taskstats version 1
[    5.852308] Loading compiled-in X.509 certificates
[    5.871591] Loaded X.509 cert 'Build time autogenerated kernel key: 32ca4feee90b5cde51f5f8c0e024b22f8c679982'
[    5.905719] zswap: loaded using pool lzo/zbud
[    5.921985] Key type trusted registered
[    5.931858] Key type encrypted registered
[    5.940841] AppArmor: AppArmor sha1 policy hashing enabled
[    5.958558] ima: No TPM chip found, activating TPM-bypass!
[    5.978670] evm: HMAC attrs: 0x1
[    5.990501]   Magic number: 13:910:447
[    6.003273] rtc_cmos rtc_cmos: setting system clock to 2017-04-19 20:26:03 UTC (1492633563)
[    6.017339] BIOS EDD facility v0.16 2004-Jun-25, 0 devices found
[    6.020140] EDD information not available.
[    6.025530] Freeing unused kernel memory: 1488K (ffffffff81f45000 - ffffffff820b9000)
[    6.049374] Write protecting the kernel read-only data: 14336k
[    6.066920] Freeing unused kernel memory: 1776K (ffff880001844000 - ffff880001a00000)
[    6.095664] Freeing unused kernel memory: 116K (ffff880001de3000 - ffff880001e00000)
Loading, please wait...
startin[    6.132834] random: systemd-udevd: uninitialized urandom read (16 bytes read, 3 bits of entropy available)
g version 229
[    6.144497] random: udevadm: uninitialized urandom read (16 bytes read, 3 bits of entropy available)
[    6.173086] random: systemd-udevd: uninitialized urandom read (16 bytes read, 3 bits of entropy available)
[    6.186481] random: systemd-udevd: uninitialized urandom read (16 bytes read, 3 bits of entropy available)
[    6.200100] random: udevadm: uninitialized urandom read (16 bytes read, 3 bits of entropy available)
[    6.229207] random: systemd-udevd: uninitialized urandom read (16 bytes read, 3 bits of entropy available)
[    6.242253] random: udevadm: uninitialized urandom read (16 bytes read, 3 bits of entropy available)
[    6.260729] random: udevadm: uninitialized urandom read (16 bytes read, 3 bits of entropy available)
[    6.290229] random: udevadm: uninitialized urandom read (16 bytes read, 3 bits of entropy available)
[    6.312366] random: udevadm: uninitialized urandom read (16 bytes read, 3 bits of entropy available)
[    6.432608] Fusion MPT base driver 3.04.20
[    6.448729] Copyright (c) 1999-2008 LSI Corporation
[    6.484678] e1000: Intel(R) PRO/1000 Network Driver - version 7.3.21-k8-NAPI
[    6.530719] e1000: Copyright (c) 1999-2006 Intel Corporation.
[    6.721876] SSE version of gcm_enc/dec engaged.
[    6.785393] input: ImExPS/2 Generic Explorer Mouse as /devices/platform/i8042/serio1/input/input5
[    6.871304] Fusion MPT SPI Host driver 3.04.20
[    6.912112] mptbase: ioc0: Initiating bringup
[    6.994692] ioc0: LSI53C1030 A0: Capabilities={Initiator}
[    7.159734] scsi host2: ioc0: LSI53C1030 A0, FwRev=00000000h, Ports=1, MaxQ=256, IRQ=20
[    7.285211] scsi 2:0:0:0: Direct-Access     VBOX     HARDDISK         1.0  PQ: 0 ANSI: 5
[    7.339104] scsi target2:0:0: Beginning Domain Validation
[    7.458971] scsi target2:0:0: Domain Validation skipping write tests
[    7.470027] scsi target2:0:0: Ending Domain Validation
[    7.498721] scsi target2:0:0: asynchronous
[    7.560253] scsi 2:0:1:0: Direct-Access     VBOX     HARDDISK         1.0  PQ: 0 ANSI: 5
[    7.603374] scsi target2:0:1: Beginning Domain Validation
[    7.701604] scsi target2:0:1: Domain Validation skipping write tests
[    7.741639] scsi target2:0:1: Ending Domain Validation
[    7.810368] scsi target2:0:1: asynchronous
[    7.982530] sd 2:0:0:0: Attached scsi generic sg0 type 0
[    7.999281] sd 2:0:0:0: [sda] 20971520 512-byte logical blocks: (10.7 GB/10.0 GiB)
[    8.046939] sd 2:0:1:0: Attached scsi generic sg1 type 0
[    8.065917] sd 2:0:1:0: [sdb] 20480 512-byte logical blocks: (10.5 MB/10.0 MiB)
[    8.089334] sd 2:0:0:0: [sda] Write Protect is off
[    8.126301] sd 2:0:0:0: [sda] Incomplete mode parameter data
[    8.149612] sd 2:0:0:0: [sda] Assuming drive cache: write through
[    8.169277] sd 2:0:1:0: [sdb] Write Protect is off
[    8.216502] sd 2:0:1:0: [sdb] Incomplete mode parameter data
[    8.264194] sd 2:0:1:0: [sdb] Assuming drive cache: write through
[    8.303623]  sda: sda1
[    8.313947] e1000 0000:00:03.0 eth0: (PCI:33MHz:32-bit) 02:51:94:fb:32:e8
[    8.326268] e1000 0000:00:03.0 eth0: Intel(R) PRO/1000 Network Connection
[    8.332948] sd 2:0:0:0: [sda] Attached SCSI disk
[    8.349150] e1000 0000:00:03.0 enp0s3: renamed from eth0
[    8.364266] sd 2:0:1:0: [sdb] Attached SCSI disk
[    9.582428] floppy0: no floppy controllers found
Begin: Loading essential drivers ... [   11.449876] md: linear personality registered for level -1
[   11.469819] md: multipath personality registered for level -4
[   11.550390] md: raid0 personality registered for level 0
[   11.585165] md: raid1 personality registered for level 1
[   11.675056] raid6: sse2x1   gen()  2535 MB/s
[   11.746263] raid6: sse2x1   xor()  2034 MB/s
[   11.826280] raid6: sse2x2   gen()  4408 MB/s
[   11.906789] raid6: sse2x2   xor()  3193 MB/s
[   11.978410] raid6: sse2x4   gen()  4527 MB/s
[   12.059097] raid6: sse2x4   xor()  2479 MB/s
[   12.070985] raid6: using algorithm sse2x4 gen() 4527 MB/s
[   12.077927] raid6: .... xor() 2479 MB/s, rmw enabled
[   12.083031] raid6: using ssse3x2 recovery algorithm
[   12.100258] xor: measuring software checksum speed
[   12.150391]    prefetch64-sse:  7282.000 MB/sec
[   12.194374]    generic_sse:  6686.000 MB/sec
[   12.199167] xor: using function: prefetch64-sse (7282.000 MB/sec)
[   12.229831] async_tx: api initialized (async)
[   12.306742] md: raid6 personality registered for level 6
[   12.317477] md: raid5 personality registered for level 5
[   12.346267] md: raid4 personality registered for level 4
[   12.382474] md: raid10 personality registered for level 10
done.
Begin: Running /scripts/init-premount ... done.
Begin: Mounting root file syst[   12.472695] Btrfs loaded
em ... Begin: Running /scripts/local-top ... done.
Begin: Running /scripts/local-premount ... Scanning for Btrfs filesystems
done.
Warning: fsck no[   12.667527] EXT4-fs (sda1): INFO: recovery required on readonly filesystem
t present, so skipping root file[   12.690788] EXT4-fs (sda1): write access will be enabled during recovery
 system
[   12.826919] EXT4-fs (sda1): orphan cleanup on readonly fs
[   12.840388] EXT4-fs (sda1): 4 orphan inodes deleted
[   12.877445] EXT4-fs (sda1): recovery complete
[   12.881264] EXT4-fs (sda1): mounted filesystem with ordered data mode. Opts: (null)
done.
Begin: Running /scripts/local-bottom ... done.
Begin: Running /scripts/init-bottom ... done.
[   13.105580] systemd[1]: systemd 229 running in system mode. (+PAM +AUDIT +SELINUX +IMA +APPARMOR +SMACK +SYSVINIT +UTMP +LIBCRYPTSETUP +GCRYPT +GNUTLS +ACL +XZ -LZ4 +SECCOMP +BLKID +ELFUTILS +KMOD -IDN)
[   13.131216] systemd[1]: Detected virtualization oracle.
[   13.141183] systemd[1]: Detected architecture x86-64.

Welcome to [1mUbuntu 16.04.1 LTS[0m!

[   13.164331] systemd[1]: Set hostname to <ubuntu-xenial>.
[   13.407032] systemd[1]: Reached target User and Group Name Lookups.
[[0;32m  OK  [0m] Reached target User and Group Name Lookups.
[   13.423080] systemd[1]: Started Forward Password Requests to Wall Directory Watch.
[[0;32m  OK  [0m] Started Forward Password Requests to Wall Directory Watch.
[   13.432637] systemd[1]: Listening on /dev/initctl Compatibility Named Pipe.
[[0;32m  OK  [0m] Listening on /dev/initctl Compatibility Named Pipe.
[   13.452953] systemd[1]: Listening on Syslog Socket.
[[0;32m  OK  [0m] Listening on Syslog Socket.
[   13.477116] systemd[1]: Listening on LVM2 metadata daemon socket.
[[0;32m  OK  [0m] Listening on LVM2 metadata daemon socket.
[   13.491758] systemd[1]: Listening on udev Kernel Socket.
[[0;32m  OK  [0m] Listening on udev Kernel Socket.
[   13.512714] systemd[1]: Listening on Journal Socket.
[[0;32m  OK  [0m] Listening on Journal Socket.
[   13.521661] systemd[1]: Set up automount Arbitrary Executable File Formats File System Automount Point.
[[0;32m  OK  [0m] Set up automount Arbitrary Executab...ats File System Automount Point.
[   13.571440] systemd[1]: Listening on Journal Audit Socket.
[[0;32m  OK  [0m] Listening on Journal Audit Socket.
[   13.581945] systemd[1]: Listening on Journal Socket (/dev/log).
[[0;32m  OK  [0m] Listening on Journal Socket (/dev/log).
[   13.604549] systemd[1]: Created slice System Slice.
[[0;32m  OK  [0m] Created slice System Slice.
[   13.642438] systemd[1]: Starting Load Kernel Modules...
         Starting Load Kernel Modules...
[   13.697465] systemd[1]: Mounting Huge Pages File System...
[   13.728479] Loading iSCSI transport class v2.0-870.
         Mounting Huge Pages File System...
[   13.758072] systemd[1]: Starting Uncomplicated firewall...
         Starting Uncomplicated firewall.[   13.813825] iscsi: registered transport (tcp)
..
[   13.835609] systemd[1]: Starting Journal Service...
         Starting Journal Service...
[   13.880055] systemd[1]: Starting Set console keymap...
         Starting Set con[   13.945156] iscsi: registered transport (iser)
sole keymap...
[   14.016396] systemd[1]: Starting Nameserver information manager...
[   14.057846] random: nonblocking pool is initialized
         Starting Nameserver information manager...
[   14.145044] systemd[1]: Starting Remount Root and Kernel File Systems...
         Starting Remount[   14.197334] EXT4-fs (sda1): re-mounted. Opts: (null)
 Root and Kernel File Systems...
[   14.224659] systemd[1]: Created slice system-serial\x2dgetty.slice.
[[0;32m  OK  [0m] Created slice system-serial\x2dgetty.slice.
[   14.256051] systemd[1]: Reached target Swap.
[[0;32m  OK  [0m] Reached target Swap.
[   14.277301] systemd[1]: Mounting Debug File System...
         Mounting Debug File System...
[   14.321300] systemd[1]: Reached target Encrypted Volumes.
[[0;32m  OK  [0m] Reached target Encrypted Volumes.
[   14.450808] systemd[1]: Created slice User and Session Slice.
[[0;32m  OK  [0m] Created slice User and Session Slice.
[   14.470934] systemd[1]: Reached target Slices.
[[0;32m  OK  [0m] Reached target Slices.
[   14.490522] systemd[1]: Listening on udev Control Socket.
[[0;32m  OK  [0m] Listening on udev Control Socket.
[   14.534329] systemd[1]: Mounting POSIX Message Queue File System...
         Mounting POSIX Message Queue File System...
[   14.644431] systemd[1]: Starting Create list of required static device nodes for the current kernel...
         Starting Create list of required st... nodes for the current kernel...
[   14.722921] systemd[1]: Listening on Device-mapper event daemon FIFOs.
[[0;32m  OK  [0m] Listening on Device-mapper event daemon FIFOs.
[   14.747001] systemd[1]: Starting Monitoring of LVM2 mirrors, snapshots etc. using dmeventd or progress polling...
         Starting Monitoring of LVM2 mirrors... dmeventd or progress polling...
[   14.770226] systemd[1]: Listening on LVM2 poll daemon socket.
[[0;32m  OK  [0m] Listening on LVM2 poll daemon socket.
[   14.796109] systemd[1]: Mounted Huge Pages File System.
[[0;32m  OK  [0m] Mounted Huge Pages File System.
[   14.828391] systemd[1]: Mounted Debug File System.
[[0;32m  OK  [0m] Mounted Debug File System.
[   14.852244] systemd[1]: Mounted POSIX Message Queue File System.
[[0;32m  OK  [0m] Mounted POSIX Message Queue File System.
[   14.865041] systemd[1]: Started Journal Service.
[[0;32m  OK  [0m] Started Journal Service.
[[0;32m  OK  [0m] Started Load Kernel Modules.
[[0;32m  OK  [0m] Started Uncomplicated firewall.
[[0;32m  OK  [0m] Started Set console keymap.
[[0;32m  OK  [0m] Started Remount Root and Kernel File Systems.
[[0;32m  OK  [0m] Started Create list of required sta...ce nodes for the current kernel.
[[0;32m  OK  [0m] Started Nameserver information manager.
[[0;32m  OK  [0m] Started LVM2 metadata daemon.
         Starting Create Static Device Nodes in /dev...
         Starting udev Coldplug all Devices...
         Starting Initial cloud-init job (pre-networking)...
         Starting Load/Save Random Seed...
         Starting Apply Kernel Variables...
         Mounting FUSE Control File System...
         Starting Flush Journal to Persistent Storage...
[[0;32m  OK  [0m] Mounted FUSE Control File System.
[[0;32m  OK  [0m] Started Apply Kernel Variables.
[[0;32m  OK  [0m] Started Create Static Device Nodes in /dev.
[[0;32m  OK  [0m] Started Load/Save Random Seed.
[[0;32m  OK  [0m] Started Flush Journal to Persistent Storage.
[[0;32m  OK  [0m] Started Monitoring of LVM2 mirrors,...ng dmeventd or progress polling.
[[0;32m  OK  [0m] Started udev Coldplug all Devices.
         Starting udev Kernel Device Manager...
[[0;32m  OK  [0m] Started udev Kernel Device Manager.
[[0;32m  OK  [0m] Started Dispatch Password Requests to Console Directory Watch.
[[0;32m  OK  [0m] Reached target Local File Systems (Pre).
[[0;32m  OK  [0m] Reached target Local File Systems.
         Starting Tell Plymouth To Write Out Runtime Data...
         Starting Set console font and keymap...
         Starting LSB: AppArmor initialization...
         Starting Create Volatile Files and Directories...
[[0;32m  OK  [0m] Started Tell Plymouth To Write Out Runtime Data.
[[0;32m  OK  [0m] Started Create Volatile Files and Directories.
         Starting Update UTMP about System Boot/Shutdown...
[[0;32m  OK  [0m] Reached target System Time Synchronized.
[[0;32m  OK  [0m] Started Update UTMP about System Boot/Shutdown.
[[0;32m  OK  [0m] Started LSB: AppArmor initialization.
[[0;32m  OK  [0m] Found device /dev/ttyS0.
[[0;32m  OK  [0m] Started Set console font and keymap.
[[0;32m  OK  [0m] Found device 82540EM Gigabit Ethern...r (PRO/1000 MT Desktop Adapter).
[[0;32m  OK  [0m] Created slice system-getty.slice.
[[0;32m  OK  [0m] Listening on Load/Save RF Kill Switch Status /dev/rfkill Watch.
[   17.639857] cloud-init[475]: Cloud-init v. 0.7.8 running 'init-local' at Wed, 19 Apr 2017 20:26:16 +0000. Up 16.65 seconds.
[[0;32m  OK  [0m] Started Initial cloud-init job (pre-networking).
[[0;32m  OK  [0m] Reached target Network (Pre).
[[0;32m  OK  [0m] Started ifup for enp0s3.
         Starting Raise network interfaces...
[[0;32m  OK  [0m] Started Raise network interfaces.
         Starting Initial cloud-init job (metadata service crawler)...
[[0;32m  OK  [0m] Reached target Network.
[   21.400904] cloud-init[1071]: Cloud-init v. 0.7.8 running 'init' at Wed, 19 Apr 2017 20:26:20 +0000. Up 20.68 seconds.
[   21.412101] cloud-init[1071]: ci-info: +++++++++++++++++++++++++++++++++++++Net device info++++++++++++++++++++++++++++++++++++++
[   21.428217] cloud-init[1071]: ci-info: +--------+------+----------------------------+---------------+-------+-------------------+
[   21.465851] cloud-init[1071]: ci-info: | Device |  Up  |          Address           |      Mask     | Scope |     Hw-Address    |
[   21.518954] cloud-init[1071]: ci-info: +--------+------+----------------------------+---------------+-------+-------------------+
[[0;32m  OK  [0m] Started Initial cloud-init job (metadata service crawler).
[   21.529396] cloud-init[1071]: ci-info: |   lo   | True |         127.0.0.1          |   255.0.0.0   |   .   |         .         |
[[0;32m  OK  [0m] Reached target Cloud-config availability.
[   21.549194] cloud-init[1071]: ci-info: |   lo   | True |          ::1/128           |       .       |  host |         .         |
[[0;32m  OK  [0m[   21.624340] cloud-init[1071]: ci-info: | enp0s3 | True |         10.0.2.15          | 255.255.255.0 |   .   | 02:51:94:fb:32:e8 |
[   21.624431] cloud-init[1071]: ci-info: | enp0s3 | True | fe80::51:94ff:fefb:32e8/64 |       .       |  link | 02:51:94:fb:32:e8 |
[   21.624507] cloud-init[1071]: ci-info: +--------+------+----------------------------+---------------+-------+-------------------+
[   21.624601] cloud-init[1071]: ci-info: +++++++++++++++++++++++++++Route IPv4 info++++++++++++++++++++++++++++
[   21.624678] cloud-init[1071]: ci-info: +-------+-------------+----------+---------------+-----------+-------+
[   21.624754] cloud-init[1071]: ci-info: | Route | Destination | Gateway  |    Genmask    | Interface | Flags |
[   21.624829] cloud-init[1071]: ci-info: +-------+-------------+----------+---------------+-----------+-------+
[   21.624904] cloud-init[1071]: ci-info: |   0   |   0.0.0.0   | 10.0.2.2 |    0.0.0.0    |   enp0s3  |   UG  |
[   21.625034] cloud-init[1071]: ci-info: |   1   |   10.0.2.0  | 0.0.0.0  | 255.255.255.0 |   enp0s3  |   U   |
[   21.625115] cloud-init[1071]: ci-info: +-------+-------------+----------+---------------+-----------+-------+
] Reached target Network is Online.
         Starting iSCSI initiator daemon (iscsid)...
[[0;32m  OK  [0m] Reached target System Initialization.
[[0;32m  OK  [0m] Listening on ACPID Listen Socket.
[[0;32m  OK  [0m] Listening on D-Bus System Message Bus Socket.
[[0;32m  OK  [0m] Started Trigger resolvconf update for networkd DNS.
[[0;32m  OK  [0m] Started Daily Cleanup of Temporary Directories.
         Starting Socket activation for snappy daemon.
         Starting LXD - unix socket.
[[0;32m  OK  [0m] Started ACPI Events Check.
[[0;32m  OK  [0m] Reached target Paths.
[[0;32m  OK  [0m] Started Timer to automatically refresh installed snaps.
[[0;32m  OK  [0m] Started Daily apt activities.
[[0;32m  OK  [0m] Reached target Timers.
[[0;32m  OK  [0m] Listening on UUID daemon activation socket.
[[0;32m  OK  [0m] Listening on Socket activation for snappy daemon.
[[0;32m  OK  [0m] Listening on LXD - unix socket.
[[0;32m  OK  [0m] Started iSCSI initiator daemon (iscsid).
         Starting Login to default iSCSI targets...
[[0;32m  OK  [0m] Reached target Sockets.
[[0;32m  OK  [0m] Reached target Basic System.
         Starting LXD - container startup/shutdown...
[[0;32m  OK  [0m] Started D-Bus System Message Bus.
         Starting Apply the settings specified in cloud-config...
         Starting MySQL Community Server...
         Starting LSB: Record successful boot for GRUB...
[[0;32m  OK  [0m] Started Snappy daemon.
         Starting Auto import assertions from block devices...
         Starting Login Service...
[[0;32m  OK  [0m] Started ACPI event daemon.
         Starting /etc/rc.local Compatibility...
         Starting Accounts Service...
         Starting LSB: MD monitoring daemon...
[[0;32m  OK  [0m] Started Regular background program processing daemon.
         Starting OpenBSD Secure Shell server...
         Starting System Logging Service...
[[0;32m  OK  [0m] Started Deferred execution scheduler.
[[0;32m  OK  [0m] Started FUSE filesystem for LXC.
[[0;32m  OK  [0m] Started /etc/rc.local Compatibility.
[[0;32m  OK  [0m] Started Auto import assertions from block devices.
[[0;32m  OK  [0m] Started Login to default iSCSI targets.
[[0;32m  OK  [0m] Started LXD - container startup/shutdown.
[[0;32m  OK  [0m] Started System Logging Service.
[[0;32m  OK  [0m] Started OpenBSD Secure Shell server.
[[0;32m  OK  [0m] Started Login Service.
         Starting Authenticate and Authorize Users to Run Privileged Tasks...
[[0;32m  OK  [0m] Reached target Remote File Systems (Pre).
[[0;32m  OK  [0m] Reached target Remote File Systems.
         Starting LSB: VirtualBox Linux Additions...
         Starting LSB: automatic crash report generation...
         Starting LSB: daemon to balance interrupts for SMP systems...
         Starting LSB: Set the CPU Frequency Scaling governor to "ondemand"...
         Starting Permit User Sessions...
         Starting LSB: Apache2 web server...
[[0;32m  OK  [0m] Started LSB: Record successful boot for GRUB.
[[0;32m  OK  [0m] Started LSB: MD monitoring daemon.
[[0;32m  OK  [0m] Started Permit User Sessions.
[[0;32m  OK  [0m] Started Authenticate and Authorize Users to Run Privileged Tasks.
[[0;32m  OK  [0m] Started Accounts Service.
         Starting Terminate Plymouth Boot Screen...
         Starting Hold until boot process finishes up...
[[0;32m  OK  [0m] Started Terminate Plymouth Boot Screen.
[[0;32m  OK  [0m] Started LSB: Set the CPU Frequency Scaling governor to "ondemand".
[[0;32m  OK  [0m] Started Hold until boot process finishes up.
[[0;32m  OK  [0m] Started LSB: daemon to balance interrupts for SMP systems.
         Starting Set console scheme...
[[0;32m  OK  [0m] Started Getty on tty1.
[[0;32m  OK  [0m] Started Serial Getty on ttyS0.
[[0;32m  OK  [0m] Reached target Login Prompts.
[[0;32m  OK  [0m] Started Set console scheme.
[[0;32m  OK  [0m] Started LSB: automatic crash report generation.
[[0;32m  OK  [0m] Started LSB: VirtualBox Linux Additions.
[[0;32m  OK  [0m] Started LSB: Apache2 web server.
[[0;32m  OK  [0m] Created slice User Slice of ubuntu.
[[0;32m  OK  [0m] Started MySQL Community Server.
[   26.285106] cloud-init[1138]: Cloud-init v. 0.7.8 running 'modules:config' at Wed, 19 Apr 2017 20:26:25 +0000. Up 25.82 seconds.
         Starting User Manager for UID 1000...
[[0;32m  OK  [0m] Reached target Multi-User System.
[[0;32m  OK  [0m] Reached target Graphical Interface.
         Starting Update UTMP about System Runlevel Changes...
[[0;32m  OK  [0m] Started User Manager for UID 1000.
[[0;32m  OK  [0m] Started Update UTMP about System Runlevel Changes.
[[0;32m  OK  [0m] Started Apply the settings specified in cloud-config.
         Starting Execute cloud user/final scripts...
[[0;32m  OK  [0m] Started Session 1 of user ubuntu.
[   29.034189] cloud-init[1416]: Cloud-init v. 0.7.8 running 'modules:final' at Wed, 19 Apr 2017 20:26:28 +0000. Up 28.48 seconds.
[   29.097749] cloud-init[1416]: Cloud-init v. 0.7.8 finished at Wed, 19 Apr 2017 20:26:29 +0000. Datasource DataSourceNoCloud [seed=/dev/sdb][dsmode=net].  Up 28.95 seconds

Ubuntu 16.04.1 LTS ubuntu-xenial ttyS0

ubuntu-xenial login: 